#
# There is insufficient memory for the Java Runtime Environment to continue.
# Native memory allocation (mmap) failed to map 268435456 bytes for Failed to commit area from 0x0000000701600000 to 0x0000000711600000 of length 268435456.
# Possible reasons:
#   The system is out of physical RAM or swap space
#   The process is running with CompressedOops enabled, and the Java Heap may be blocking the growth of the native heap
# Possible solutions:
#   Reduce memory load on the system
#   Increase physical memory or swap space
#   Check if swap backing store is full
#   Decrease Java heap size (-Xmx/-Xms)
#   Decrease number of Java threads
#   Decrease Java thread stack sizes (-Xss)
#   Set larger code cache with -XX:ReservedCodeCacheSize=
# This output file may be truncated or incomplete.
#
#  Out of Memory Error (./src/hotspot/os/windows/os_windows.cpp:3303), pid=4148, tid=33440
#
# JRE version:  (11.0.8+10) (build )
# Java VM: OpenJDK 64-Bit Server VM (11.0.8+10, mixed mode, sharing, tiered, compressed oops, g1 gc, windows-amd64)
# No core dump will be written. Minidumps are not enabled by default on client versions of Windows
#

---------------  S U M M A R Y ------------

Command Line: -Dfile.encoding=Cp1252 gameui.MilestoneDriver HARD 6 rg rg mis mg mis mg

Host: Intel(R) Core(TM) i7-4770 CPU @ 3.40GHz, 8 cores, 15G,  Windows 10 , 64 bit Build 19041 (10.0.19041.546)
Time: Sun Dec  6 21:02:27 2020 US Mountain Standard Time elapsed time: 0 seconds (0d 0h 0m 0s)

---------------  T H R E A D  ---------------

Current thread (0x00000290c042e800):  JavaThread "Unknown thread" [_thread_in_vm, id=33440, stack(0x000000c546800000,0x000000c546900000)]

Stack: [0x000000c546800000,0x000000c546900000]
Native frames: (J=compiled Java code, j=interpreted, Vv=VM code, C=native code)
V  [jvm.dll+0x5dfa5a]
V  [jvm.dll+0x7175ce]
V  [jvm.dll+0x718c9f]
V  [jvm.dll+0x719363]
V  [jvm.dll+0x240e48]
V  [jvm.dll+0x5dccca]
V  [jvm.dll+0x5d1935]
V  [jvm.dll+0x2f650c]
V  [jvm.dll+0x2f6392]
V  [jvm.dll+0x2fb046]
V  [jvm.dll+0x33f06f]
V  [jvm.dll+0x33eaa0]
V  [jvm.dll+0x2d38d8]
V  [jvm.dll+0x2d4a26]
V  [jvm.dll+0x6f32c7]
V  [jvm.dll+0x6f4a4f]
V  [jvm.dll+0x34bdf9]
V  [jvm.dll+0x6d66d0]
V  [jvm.dll+0x3b32ef]
V  [jvm.dll+0x3b55a1]
C  [jli.dll+0x520b]
C  [ucrtbase.dll+0x214c2]
C  [KERNEL32.DLL+0x17034]
C  [ntdll.dll+0x4cec1]


---------------  P R O C E S S  ---------------

Threads class SMR info:
_java_thread_list=0x00000290bd831260, length=0, elements={
}

Java Threads: ( => current thread )

Other Threads:
  0x00000290c0446000 GCTaskThread "GC Thread#0" [stack: 0x000000c546900000,0x000000c546a00000] [id=25992]
  0x00000290c04a1800 ConcurrentGCThread "G1 Main Marker" [stack: 0x000000c546a00000,0x000000c546b00000] [id=24116]
  0x00000290c04a4000 ConcurrentGCThread "G1 Conc#0" [stack: 0x000000c546b00000,0x000000c546c00000] [id=16544]

[error occurred during error reporting (printing all threads), id 0xc0000005, EXCEPTION_ACCESS_VIOLATION (0xc0000005) at pc=0x00007ffbd4482f27]

VM state:not at safepoint (not fully initialized)

VM Mutex/Monitor currently owned by a thread:  ([mutex/lock_event])
[0x00000290c042a5d0] Heap_lock - owner thread: 0x00000290c042e800

Heap address: 0x0000000701600000, size: 4074 MB, Compressed Oops mode: Non-zero based: 0x0000000701600000
Narrow klass base: 0x0000000000000000, Narrow klass shift: 0

GC Heap History (0 events):
No events

Deoptimization events (0 events):
No events

Classes redefined (0 events):
No events

Internal exceptions (0 events):
No events

Events (1 events):
Event: 0.010 Loaded shared library C:\Program Files\AdoptOpenJDK\jdk-11.0.8.10-hotspot\bin\zip.dll


Dynamic libraries:
0x00007ff6b4540000 - 0x00007ff6b454d000 	C:\Program Files\AdoptOpenJDK\jdk-11.0.8.10-hotspot\bin\javaw.exe
0x00007ffc69710000 - 0x00007ffc69906000 	C:\WINDOWS\SYSTEM32\ntdll.dll
0x00007ffc67b50000 - 0x00007ffc67c0d000 	C:\WINDOWS\System32\KERNEL32.DLL
0x00007ffc674a0000 - 0x00007ffc67768000 	C:\WINDOWS\System32\KERNELBASE.dll
0x00007ffc41990000 - 0x00007ffc41a64000 	C:\Program Files\Bitdefender Antivirus Free\atcuf\264919193750171877\atcuf64.dll
0x00007ffc67340000 - 0x00007ffc67440000 	C:\WINDOWS\System32\ucrtbase.dll
0x00007ffc56a30000 - 0x00007ffc56a47000 	C:\Program Files\AdoptOpenJDK\jdk-11.0.8.10-hotspot\bin\jli.dll
0x00007ffc67cc0000 - 0x00007ffc67e60000 	C:\WINDOWS\System32\USER32.dll
0x00007ffc67140000 - 0x00007ffc67162000 	C:\WINDOWS\System32\win32u.dll
0x00007ffc67920000 - 0x00007ffc6794a000 	C:\WINDOWS\System32\GDI32.dll
0x00007ffc66e50000 - 0x00007ffc66f59000 	C:\WINDOWS\System32\gdi32full.dll
0x00007ffc671f0000 - 0x00007ffc6728d000 	C:\WINDOWS\System32\msvcp_win.dll
0x00007ffc527f0000 - 0x00007ffc52805000 	C:\Program Files\AdoptOpenJDK\jdk-11.0.8.10-hotspot\bin\VCRUNTIME140.dll
0x00007ffc52e80000 - 0x00007ffc5311b000 	C:\WINDOWS\WinSxS\amd64_microsoft.windows.common-controls_6595b64144ccf1df_6.0.19041.488_none_ca04af081b815d21\COMCTL32.dll
0x00007ffc67e60000 - 0x00007ffc67efe000 	C:\WINDOWS\System32\msvcrt.dll
0x00007ffc68aa0000 - 0x00007ffc68ad0000 	C:\WINDOWS\System32\IMM32.DLL
0x00007ffc26e20000 - 0x00007ffc26ebb000 	C:\Program Files\AdoptOpenJDK\jdk-11.0.8.10-hotspot\bin\msvcp140.dll
0x00007ffbd41a0000 - 0x00007ffbd4c5d000 	C:\Program Files\AdoptOpenJDK\jdk-11.0.8.10-hotspot\bin\server\jvm.dll
0x00007ffc69590000 - 0x00007ffc6963c000 	C:\WINDOWS\System32\ADVAPI32.dll
0x00007ffc694f0000 - 0x00007ffc6958b000 	C:\WINDOWS\System32\sechost.dll
0x00007ffc67fc0000 - 0x00007ffc680e4000 	C:\WINDOWS\System32\RPCRT4.dll
0x00007ffc68160000 - 0x00007ffc68168000 	C:\WINDOWS\System32\PSAPI.DLL
0x00007ffc3f030000 - 0x00007ffc3f039000 	C:\WINDOWS\SYSTEM32\WSOCK32.dll
0x00007ffc680f0000 - 0x00007ffc6815b000 	C:\WINDOWS\System32\WS2_32.dll
0x00007ffc57890000 - 0x00007ffc578b7000 	C:\WINDOWS\SYSTEM32\WINMM.dll
0x00007ffc60e40000 - 0x00007ffc60e4a000 	C:\WINDOWS\SYSTEM32\VERSION.dll
0x00007ffc64ce0000 - 0x00007ffc64cf2000 	C:\WINDOWS\SYSTEM32\kernel.appcore.dll
0x00007ffc62000000 - 0x00007ffc62010000 	C:\Program Files\AdoptOpenJDK\jdk-11.0.8.10-hotspot\bin\verify.dll
0x00007ffc56600000 - 0x00007ffc567e4000 	C:\WINDOWS\SYSTEM32\DBGHELP.DLL
0x00007ffc50230000 - 0x00007ffc5025c000 	C:\WINDOWS\SYSTEM32\dbgcore.DLL
0x00007ffc67170000 - 0x00007ffc671ef000 	C:\WINDOWS\System32\bcryptPrimitives.dll
0x00007ffc50e70000 - 0x00007ffc50e98000 	C:\Program Files\AdoptOpenJDK\jdk-11.0.8.10-hotspot\bin\java.dll
0x00007ffc61f50000 - 0x00007ffc61f5a000 	C:\Program Files\AdoptOpenJDK\jdk-11.0.8.10-hotspot\bin\jimage.dll
0x00007ffc527d0000 - 0x00007ffc527e7000 	C:\Program Files\AdoptOpenJDK\jdk-11.0.8.10-hotspot\bin\zip.dll

dbghelp: loaded successfully - version: 4.0.5 - missing functions: none
symbol engine: initialized successfully - sym options: 0x614 - pdb path: .;C:\Program Files\AdoptOpenJDK\jdk-11.0.8.10-hotspot\bin;C:\WINDOWS\SYSTEM32;C:\Program Files\Bitdefender Antivirus Free\atcuf\264919193750171877;C:\WINDOWS\WinSxS\amd64_microsoft.windows.common-controls_6595b64144ccf1df_6.0.19041.488_none_ca04af081b815d21;C:\Program Files\AdoptOpenJDK\jdk-11.0.8.10-hotspot\bin\server

VM Arguments:
jvm_args: -Dfile.encoding=Cp1252 
java_command: gameui.MilestoneDriver HARD 6 rg rg mis mg mis mg
java_class_path (initial): C:\Users\Thomas\Desktop\School\ECE 373\Project\373github\bin
Launcher Type: SUN_STANDARD

[Global flags]
     intx CICompilerCount                          = 4                                         {product} {ergonomic}
     uint ConcGCThreads                            = 2                                         {product} {ergonomic}
     uint G1ConcRefinementThreads                  = 8                                         {product} {ergonomic}
   size_t G1HeapRegionSize                         = 1048576                                   {product} {ergonomic}
    uintx GCDrainStackTargetSize                   = 64                                        {product} {ergonomic}
   size_t InitialHeapSize                          = 268435456                                 {product} {ergonomic}
   size_t MarkStackSize                            = 4194304                                   {product} {ergonomic}
   size_t MaxHeapSize                              = 4271898624                                {product} {ergonomic}
   size_t MinHeapDeltaBytes                        = 1048576                                   {product} {ergonomic}
    uintx NonNMethodCodeHeapSize                   = 5836300                                {pd product} {ergonomic}
    uintx NonProfiledCodeHeapSize                  = 122910970                              {pd product} {ergonomic}
    uintx ProfiledCodeHeapSize                     = 122910970                              {pd product} {ergonomic}
    uintx ReservedCodeCacheSize                    = 251658240                              {pd product} {ergonomic}
     bool SegmentedCodeCache                       = true                                      {product} {ergonomic}
     bool UseCompressedClassPointers               = true                                 {lp64_product} {ergonomic}
     bool UseCompressedOops                        = true                                 {lp64_product} {ergonomic}
     bool UseG1GC                                  = true                                      {product} {ergonomic}
     bool UseLargePagesIndividualAllocation        = false                                  {pd product} {ergonomic}

Logging:
Log output configuration:
 #0: stdout all=warning uptime,level,tags
 #1: stderr all=off uptime,level,tags

Environment Variables:
PATH=C:/Program Files/Java/jre1.8.0_271/bin/server;C:/Program Files/Java/jre1.8.0_271/bin;C:/Program Files/Java/jre1.8.0_271/lib/amd64;C:\Program Files (x86)\Common Files\Oracle\Java\javapath;C:\Program Files\AdoptOpenJDK\jdk-11.0.8.10-hotspot\bin;C:\Program Files (x86)\Common Files\Intel\Shared Libraries\redist\intel64\compiler;C:\Program Files (x86)\Intel\iCLS Client\;C:\Program Files\Intel\iCLS Client\;C:\WINDOWS\system32;C:\WINDOWS;C:\WINDOWS\System32\Wbem;C:\WINDOWS\System32\WindowsPowerShell\v1.0\;C:\Program Files (x86)\Windows Live\Shared;C:\Program Files\Intel\Intel(R) Management Engine Components\DAL;C:\Program Files\Intel\Intel(R) Management Engine Components\IPT;C:\Program Files (x86)\Intel\Intel(R) Management Engine Components\DAL;C:\Program Files (x86)\Intel\Intel(R) Management Engine Components\IPT;C:\WINDOWS\System32\OpenSSH\;C:\Program Files (x86)\NVIDIA Corporation\PhysX\Common;C:\Program Files\NVIDIA Corporation\NVIDIA NvDLISR;C:\WINDOWS\system32;C:\WINDOWS;C:\WINDOWS\System32\Wbem;C:\WINDOWS\System32\WindowsPowerShell\v1.0\;C:\WINDOWS\System32\OpenSSH\;C:\Program Files\dotnet\;C:\Program Files\PuTTY\;C:\Users\Thomas\AppData\Local\Microsoft\WindowsApps;C:\Users\Thomas\AppData\Local\Programs\Microsoft VS Code\bin;C:\Users\Thomas\AppData\Local\atom\bin;C:\Users\Thomas\AppData\Local\Microsoft\WindowsApps;C:\Users\Thomas\AppData\Local\particle\bin;C:\OpenSSL-Win32\bin;C:\WINDOWS\system32;
USERNAME=Thomas
OS=Windows_NT
PROCESSOR_IDENTIFIER=Intel64 Family 6 Model 60 Stepping 3, GenuineIntel



---------------  S Y S T E M  ---------------

OS: Windows 10 , 64 bit Build 19041 (10.0.19041.546)
OS uptime: 12 days 1:20 hours

CPU:total 8 (initial active 8) (4 cores per cpu, 2 threads per core) family 6 model 60 stepping 3, cmov, cx8, fxsr, mmx, sse, sse2, sse3, ssse3, sse4.1, sse4.2, popcnt, avx, avx2, aes, clmul, erms, lzcnt, ht, tsc, tscinvbit, bmi1, bmi2, fma

Memory: 4k page, system-wide physical 16292M (6161M free)
TotalPageFile size 19224M (AvailPageFile size 256M)
current process WorkingSet (physical memory assigned to process): 11M, peak: 11M
current process commit charge ("private bytes"): 62M, peak: 318M

vm_info: OpenJDK 64-Bit Server VM (11.0.8+10) for windows-amd64 JRE (11.0.8+10), built on Jul 15 2020 11:45:54 by "" with MS VC++ 15.9 (VS2017)

END.
